[2022-06-22T22:36:53.439] [DEBUG] cheese - login => username:admin,password:123456
[2022-06-22T22:36:53.443] [DEBUG] cheese - admin
[2022-06-22T22:36:53.460] [DEBUG] cheese - null
[2022-06-22T22:36:53.461] [DEBUG] cheese - null
[2022-06-22T22:38:48.080] [DEBUG] cheese - login => username:admin,password:123456
[2022-06-22T22:38:48.080] [DEBUG] cheese - admin
[2022-06-22T22:38:48.086] [DEBUG] cheese - null
[2022-06-22T22:38:48.086] [DEBUG] cheese - null
[2022-06-22T22:45:35.672] [DEBUG] cheese - login => username:admin,password:123456
[2022-06-22T22:45:35.675] [DEBUG] cheese - admin
[2022-06-22T22:45:35.726] [DEBUG] cheese - null
[2022-06-22T22:45:35.727] [DEBUG] cheese - null
[2022-06-22T22:48:48.689] [DEBUG] cheese - login => username:admin,password:123456
[2022-06-22T22:48:48.689] [DEBUG] cheese - admin
[2022-06-22T22:48:48.693] [DEBUG] cheese - null
[2022-06-22T22:48:48.693] [DEBUG] cheese - null
[2022-06-22T23:07:03.264] [DEBUG] cheese - login => username:admin,password:123456
[2022-06-22T23:07:03.265] [DEBUG] cheese - admin
[2022-06-22T23:07:03.269] [DEBUG] cheese - null
[2022-06-22T23:07:03.270] [DEBUG] cheese - null
[2022-06-23T22:05:54.854] [DEBUG] cheese - login => username:admin,password:123456
[2022-06-23T22:05:54.858] [DEBUG] cheese - admin
[2022-06-23T22:05:54.896] [DEBUG] cheese - null
[2022-06-23T22:05:54.897] [DEBUG] cheese - null
[2022-06-25T11:14:40.824] [DEBUG] cheese - login => username:admin,password:123456
[2022-06-25T11:14:40.825] [DEBUG] cheese - admin
[2022-06-25T11:14:40.894] [DEBUG] cheese - null
[2022-06-25T11:14:40.895] [DEBUG] cheese - null
[2022-06-27T22:12:42.298] [DEBUG] cheese - login => username:sss,password:sss
[2022-06-27T22:12:42.304] [DEBUG] cheese - sss
[2022-06-27T22:12:42.347] [DEBUG] cheese - null
[2022-06-27T22:12:42.348] [DEBUG] cheese - null
[2022-06-27T22:16:55.456] [DEBUG] cheese - login => username:sdsd,password:sdsd
[2022-06-27T22:16:55.456] [DEBUG] cheese - sdsd
[2022-06-27T22:16:55.465] [DEBUG] cheese - null
[2022-06-27T22:16:55.465] [DEBUG] cheese - null
[2022-06-27T22:23:58.760] [DEBUG] cheese - login => username:aaaa,password:aaa
[2022-06-27T22:23:58.762] [DEBUG] cheese - aaaa
[2022-06-27T22:23:58.778] [DEBUG] cheese - null
[2022-06-27T22:23:58.779] [DEBUG] cheese - null
[2022-06-27T22:25:50.799] [DEBUG] cheese - login => username:cada,password:ss
[2022-06-27T22:25:50.799] [DEBUG] cheese - cada
[2022-06-27T22:25:50.804] [DEBUG] cheese - null
[2022-06-27T22:25:50.804] [DEBUG] cheese - null
[2022-06-27T22:26:11.054] [DEBUG] cheese - login => username:sdsad,password:asdsad
[2022-06-27T22:26:11.055] [DEBUG] cheese - sdsad
[2022-06-27T22:26:11.059] [DEBUG] cheese - null
[2022-06-27T22:26:11.060] [DEBUG] cheese - null
[2022-06-27T22:26:40.973] [DEBUG] cheese - login => username:wq,password:qwq
[2022-06-27T22:26:40.974] [DEBUG] cheese - wq
[2022-06-27T22:26:40.977] [DEBUG] cheese - null
[2022-06-27T22:26:40.977] [DEBUG] cheese - null
[2022-06-30T22:35:04.438] [DEBUG] cheese - login => username:admin,password:123456
[2022-06-30T22:35:04.440] [DEBUG] cheese - admin
[2022-06-30T22:35:04.539] [DEBUG] cheese - null
[2022-06-30T22:35:04.539] [DEBUG] cheese - null
[2022-06-30T22:35:19.008] [DEBUG] cheese - login => username:admin,password:1234562
[2022-06-30T22:35:19.009] [DEBUG] cheese - admin
[2022-06-30T22:35:19.013] [DEBUG] cheese - null
[2022-06-30T22:35:19.013] [DEBUG] cheese - null
[2022-06-30T22:35:44.275] [DEBUG] cheese - login => username:admin,password:123
[2022-06-30T22:35:44.275] [DEBUG] cheese - admin
[2022-06-30T22:35:44.282] [DEBUG] cheese - null
[2022-06-30T22:35:44.283] [DEBUG] cheese - null
[2022-06-30T22:37:59.541] [DEBUG] cheese - login => username:www,password:wwww
[2022-06-30T22:37:59.541] [DEBUG] cheese - www
[2022-06-30T22:37:59.552] [DEBUG] cheese - null
[2022-06-30T22:37:59.552] [DEBUG] cheese - null
[2022-06-30T22:40:56.628] [DEBUG] cheese - login => username:sdsds,password:sdsd
[2022-06-30T22:40:56.628] [DEBUG] cheese - sdsds
[2022-06-30T22:40:56.640] [DEBUG] cheese - null
[2022-06-30T22:40:56.640] [DEBUG] cheese - null
[2022-06-30T22:41:16.025] [DEBUG] cheese - login => username:qwqw,password:qwqw
[2022-06-30T22:41:16.025] [DEBUG] cheese - qwqw
[2022-06-30T22:41:16.029] [DEBUG] cheese - null
[2022-06-30T22:41:16.030] [DEBUG] cheese - null
[2022-06-30T22:41:31.012] [DEBUG] cheese - login => username:admin,password:1234567
[2022-06-30T22:41:31.013] [DEBUG] cheese - admin
[2022-06-30T22:41:31.021] [DEBUG] cheese - null
[2022-06-30T22:41:31.021] [DEBUG] cheese - null
[2022-06-30T22:41:40.505] [DEBUG] cheese - login => username:admin,password:123456
[2022-06-30T22:41:40.505] [DEBUG] cheese - admin
[2022-06-30T22:41:40.511] [DEBUG] cheese - null
[2022-06-30T22:41:40.512] [DEBUG] cheese - null
[2022-06-30T22:41:42.326] [DEBUG] cheese - login => username:admin,password:123456
[2022-06-30T22:41:42.327] [DEBUG] cheese - admin
[2022-06-30T22:41:42.331] [DEBUG] cheese - null
[2022-06-30T22:41:42.331] [DEBUG] cheese - null
[2022-06-30T22:43:07.105] [DEBUG] cheese - login => username:admin,password:123456
[2022-06-30T22:43:07.106] [DEBUG] cheese - admin
[2022-06-30T22:43:07.118] [DEBUG] cheese - null
[2022-06-30T22:43:07.118] [DEBUG] cheese - null
[2022-06-30T22:53:52.330] [DEBUG] cheese - login => username:admin,password:123456
[2022-06-30T22:53:52.330] [DEBUG] cheese - admin
[2022-06-30T22:53:52.343] [DEBUG] cheese - null
[2022-06-30T22:53:52.344] [DEBUG] cheese - null
[2022-06-30T22:54:23.825] [DEBUG] cheese - login => username:admin,password:123456
[2022-06-30T22:54:23.825] [DEBUG] cheese - admin
[2022-06-30T22:54:23.834] [DEBUG] cheese - null
[2022-06-30T22:54:23.834] [DEBUG] cheese - null
[2022-07-01T23:33:49.560] [DEBUG] cheese - login => username:admin,password:123456
[2022-07-01T23:33:49.561] [DEBUG] cheese - admin
[2022-07-01T23:33:49.596] [DEBUG] cheese - null
[2022-07-01T23:33:49.596] [DEBUG] cheese - null
[2022-07-01T23:35:49.216] [DEBUG] cheese - login => username:admin,password:123456
[2022-07-01T23:35:49.217] [DEBUG] cheese - admin
[2022-07-01T23:35:49.256] [DEBUG] cheese - null
[2022-07-01T23:35:49.256] [DEBUG] cheese - null
[2022-07-01T23:36:19.896] [DEBUG] cheese - login => username:admin,password:123456
[2022-07-01T23:36:19.896] [DEBUG] cheese - admin
[2022-07-01T23:36:19.901] [DEBUG] cheese - null
[2022-07-01T23:36:19.901] [DEBUG] cheese - null
[2022-09-29T21:55:24.602] [DEBUG] cheese - login => username:111,password:1111
[2022-09-29T21:55:24.606] [DEBUG] cheese - 111
[2022-09-29T21:55:24.625] [DEBUG] cheese - null
[2022-09-29T21:55:24.626] [DEBUG] cheese - null
[2022-09-29T21:58:29.250] [DEBUG] cheese - login => username:ww,password:$08$09nUxs.9czzXc4JZJTOdteeXSd/mxZVg96AhqciGbTMB6cfbGUWC2
[2022-09-29T21:58:29.251] [DEBUG] cheese - ww
[2022-09-29T21:58:29.261] [DEBUG] cheese - null
[2022-09-29T21:58:29.261] [DEBUG] cheese - null
[2022-09-30T10:55:42.165] [DEBUG] cheese - login => username:1,password:1
[2022-09-30T10:55:42.170] [DEBUG] cheese - 1
[2022-09-30T10:55:43.924] [DEBUG] cheese - null
[2022-09-30T10:55:43.927] [DEBUG] cheese - null
[2022-09-30T10:55:51.789] [DEBUG] cheese - login => username:11,password:11
[2022-09-30T10:55:51.789] [DEBUG] cheese - 11
[2022-09-30T10:55:51.795] [DEBUG] cheese - null
[2022-09-30T10:55:51.795] [DEBUG] cheese - null
[2022-09-30T10:56:05.515] [DEBUG] cheese - login => username:admin,password:123456
[2022-09-30T10:56:05.516] [DEBUG] cheese - admin
[2022-09-30T10:56:05.524] [DEBUG] cheese - null
[2022-09-30T10:56:05.525] [DEBUG] cheese - null
[2022-09-30T10:56:07.068] [DEBUG] cheese - login => username:admin,password:123456
[2022-09-30T10:56:07.069] [DEBUG] cheese - admin
[2022-09-30T10:56:07.073] [DEBUG] cheese - null
[2022-09-30T10:56:07.073] [DEBUG] cheese - null
[2022-09-30T10:56:07.901] [DEBUG] cheese - login => username:admin,password:123456
[2022-09-30T10:56:07.901] [DEBUG] cheese - admin
[2022-09-30T10:56:07.906] [DEBUG] cheese - null
[2022-09-30T10:56:07.906] [DEBUG] cheese - null
[2022-09-30T10:56:08.761] [DEBUG] cheese - login => username:admin,password:123456
[2022-09-30T10:56:08.761] [DEBUG] cheese - admin
[2022-09-30T10:56:08.766] [DEBUG] cheese - null
[2022-09-30T10:56:08.766] [DEBUG] cheese - null
[2022-09-30T10:56:49.930] [DEBUG] cheese - login => username:admin,password:1234567
[2022-09-30T10:56:49.930] [DEBUG] cheese - admin
[2022-09-30T10:56:49.935] [DEBUG] cheese - null
[2022-09-30T10:56:49.935] [DEBUG] cheese - null
[2022-09-30T11:00:12.606] [DEBUG] cheese - login => username:ww,password:111111
[2022-09-30T11:00:12.606] [DEBUG] cheese - ww
[2022-09-30T11:00:12.617] [DEBUG] cheese - null
[2022-09-30T11:00:12.617] [DEBUG] cheese - null
[2022-09-30T18:50:33.465] [DEBUG] cheese - login => username:admin,password:123456
[2022-09-30T18:50:33.467] [DEBUG] cheese - admin
[2022-09-30T18:50:33.501] [DEBUG] cheese - null
[2022-09-30T18:50:33.502] [DEBUG] cheese - null
[2022-09-30T18:51:00.515] [DEBUG] cheese - login => username:admin,password:123456
[2022-09-30T18:51:00.515] [DEBUG] cheese - admin
[2022-09-30T18:51:00.521] [DEBUG] cheese - null
[2022-09-30T18:51:00.521] [DEBUG] cheese - null
[2022-09-30T19:09:51.182] [DEBUG] cheese - login => username:admin,password:123456
[2022-09-30T19:09:51.182] [DEBUG] cheese - admin
[2022-09-30T19:09:51.191] [DEBUG] cheese - null
[2022-09-30T19:09:51.191] [DEBUG] cheese - null
[2022-09-30T19:15:31.321] [DEBUG] cheese - login => username:admin,password:123456
[2022-09-30T19:15:31.321] [DEBUG] cheese - admin
[2022-09-30T19:15:31.331] [DEBUG] cheese - null
[2022-09-30T19:15:31.332] [DEBUG] cheese - null
[2022-09-30T19:16:34.768] [DEBUG] cheese - login => username:admin,password:123456
[2022-09-30T19:16:34.768] [DEBUG] cheese - admin
[2022-09-30T19:16:34.773] [DEBUG] cheese - null
[2022-09-30T19:16:34.773] [DEBUG] cheese - null
[2022-10-01T12:51:28.917] [DEBUG] cheese - login => username:admin,password:123456
[2022-10-01T12:51:28.921] [DEBUG] cheese - admin
[2022-10-01T12:51:28.953] [DEBUG] cheese - null
[2022-10-01T12:51:28.954] [DEBUG] cheese - null
[2022-10-01T13:15:22.375] [DEBUG] cheese - login => username:admin,password:1234556
[2022-10-01T13:15:22.375] [DEBUG] cheese - admin
[2022-10-01T13:15:24.134] [DEBUG] cheese - null
[2022-10-01T13:15:24.134] [DEBUG] cheese - null
[2022-10-01T13:15:35.258] [DEBUG] cheese - login => username:admin,password:123456
[2022-10-01T13:15:35.259] [DEBUG] cheese - admin
[2022-10-01T13:15:35.263] [DEBUG] cheese - null
[2022-10-01T13:15:35.263] [DEBUG] cheese - null
[2022-10-01T13:35:58.281] [DEBUG] cheese - login => username:admin,password:123456
[2022-10-01T13:35:58.281] [DEBUG] cheese - admin
[2022-10-01T13:35:58.292] [DEBUG] cheese - null
[2022-10-01T13:35:58.293] [DEBUG] cheese - null
[2022-10-01T13:36:49.520] [DEBUG] cheese - login => username:admin,password:123456
[2022-10-01T13:36:49.520] [DEBUG] cheese - admin
[2022-10-01T13:36:49.526] [DEBUG] cheese - null
[2022-10-01T13:36:49.526] [DEBUG] cheese - null
[2022-10-01T13:39:57.365] [DEBUG] cheese - login => username:admin,password:123
[2022-10-01T13:39:57.365] [DEBUG] cheese - admin
[2022-10-01T13:39:57.376] [DEBUG] cheese - null
[2022-10-01T13:39:57.376] [DEBUG] cheese - null
[2022-10-01T13:40:07.113] [DEBUG] cheese - login => username:admin,password:123456
[2022-10-01T13:40:07.113] [DEBUG] cheese - admin
[2022-10-01T13:40:07.118] [DEBUG] cheese - null
[2022-10-01T13:40:07.118] [DEBUG] cheese - null
[2022-10-01T14:01:37.565] [DEBUG] cheese - login => username:admin,password:123456
[2022-10-01T14:01:37.565] [DEBUG] cheese - admin
[2022-10-01T14:01:37.574] [DEBUG] cheese - null
[2022-10-01T14:01:37.574] [DEBUG] cheese - null
[2022-10-01T14:12:35.125] [DEBUG] cheese - login => username:admin,password:123456
[2022-10-01T14:12:35.125] [DEBUG] cheese - admin
[2022-10-01T14:12:35.183] [DEBUG] cheese - null
[2022-10-01T14:12:35.184] [DEBUG] cheese - null
[2022-10-01T14:26:36.834] [DEBUG] cheese - login => username:admin,password:123456
[2022-10-01T14:26:36.834] [DEBUG] cheese - admin
[2022-10-01T14:26:36.847] [DEBUG] cheese - null
[2022-10-01T14:26:36.847] [DEBUG] cheese - null
[2022-10-01T14:33:28.346] [DEBUG] cheese - login => username:admin,password:123456
[2022-10-01T14:33:28.346] [DEBUG] cheese - admin
[2022-10-01T14:33:28.357] [DEBUG] cheese - null
[2022-10-01T14:33:28.358] [DEBUG] cheese - null
[2022-10-01T14:44:46.643] [DEBUG] cheese - login => username:admin,password:123456
[2022-10-01T14:44:46.643] [DEBUG] cheese - admin
[2022-10-01T14:44:46.655] [DEBUG] cheese - null
[2022-10-01T14:44:46.655] [DEBUG] cheese - null
[2022-10-01T14:45:02.991] [DEBUG] cheese - login => username:admin,password:123456
[2022-10-01T14:45:02.991] [DEBUG] cheese - admin
[2022-10-01T14:45:02.996] [DEBUG] cheese - null
[2022-10-01T14:45:02.996] [DEBUG] cheese - null
[2022-10-01T14:45:31.839] [DEBUG] cheese - login => username:admin,password:123456
[2022-10-01T14:45:31.839] [DEBUG] cheese - admin
[2022-10-01T14:45:31.842] [DEBUG] cheese - null
[2022-10-01T14:45:31.842] [DEBUG] cheese - null
[2022-10-01T14:48:11.957] [DEBUG] cheese - login => username:admin,password:123456
[2022-10-01T14:48:11.957] [DEBUG] cheese - admin
[2022-10-01T14:48:11.965] [DEBUG] cheese - null
[2022-10-01T14:48:11.965] [DEBUG] cheese - null
[2022-10-01T15:43:21.973] [DEBUG] cheese - login => username:admin,password:123456
[2022-10-01T15:43:21.974] [DEBUG] cheese - admin
[2022-10-01T15:43:21.982] [DEBUG] cheese - null
[2022-10-01T15:43:21.982] [DEBUG] cheese - null
[2022-10-01T15:57:26.310] [DEBUG] cheese - login => username:admin,password:123456
[2022-10-01T15:57:26.313] [DEBUG] cheese - admin
[2022-10-01T15:57:26.324] [DEBUG] cheese - null
[2022-10-01T15:57:26.324] [DEBUG] cheese - null
[2022-10-01T16:06:10.014] [DEBUG] cheese - login => username:admin,password:123456
[2022-10-01T16:06:10.014] [DEBUG] cheese - admin
[2022-10-01T16:06:10.024] [DEBUG] cheese - null
[2022-10-01T16:06:10.024] [DEBUG] cheese - null
[2022-10-01T16:09:39.942] [DEBUG] cheese - login => username:admin,password:123456
[2022-10-01T16:09:39.942] [DEBUG] cheese - admin
[2022-10-01T16:09:39.946] [DEBUG] cheese - null
[2022-10-01T16:09:39.947] [DEBUG] cheese - null
[2022-10-01T16:22:07.095] [DEBUG] cheese - login => username:admin,password:123456
[2022-10-01T16:22:07.095] [DEBUG] cheese - admin
[2022-10-01T16:22:07.105] [DEBUG] cheese - null
[2022-10-01T16:22:07.105] [DEBUG] cheese - null
[2022-10-01T16:22:36.705] [DEBUG] cheese - login => username:admin,password:123456
[2022-10-01T16:22:36.706] [DEBUG] cheese - admin
[2022-10-01T16:22:36.709] [DEBUG] cheese - null
[2022-10-01T16:22:36.709] [DEBUG] cheese - null
[2022-10-01T16:24:07.627] [DEBUG] cheese - login => username:admin,password:123456
[2022-10-01T16:24:07.628] [DEBUG] cheese - admin
[2022-10-01T16:24:07.630] [DEBUG] cheese - null
[2022-10-01T16:24:07.631] [DEBUG] cheese - null
[2022-10-01T16:30:16.748] [DEBUG] cheese - login => username:admin,password:123456
[2022-10-01T16:30:16.748] [DEBUG] cheese - admin
[2022-10-01T16:30:16.759] [DEBUG] cheese - null
[2022-10-01T16:30:16.759] [DEBUG] cheese - null
[2022-10-01T16:38:53.615] [DEBUG] cheese - login => username:admin,password:123456
[2022-10-01T16:38:53.615] [DEBUG] cheese - admin
[2022-10-01T16:38:53.622] [DEBUG] cheese - null
[2022-10-01T16:38:53.623] [DEBUG] cheese - null
[2022-10-01T16:52:11.549] [DEBUG] cheese - login => username:admin,password:123456
[2022-10-01T16:52:11.549] [DEBUG] cheese - admin
[2022-10-01T16:52:11.559] [DEBUG] cheese - null
[2022-10-01T16:52:11.559] [DEBUG] cheese - null
[2022-10-03T13:16:54.637] [DEBUG] cheese - login => username:admin,password:123456
[2022-10-03T13:16:54.639] [DEBUG] cheese - admin
[2022-10-03T13:16:54.659] [DEBUG] cheese - null
[2022-10-03T13:16:54.659] [DEBUG] cheese - null
[2022-10-03T14:32:58.758] [DEBUG] cheese - login => username:15465,password:55445545
[2022-10-03T14:32:58.759] [DEBUG] cheese - 15465
[2022-10-03T14:33:00.396] [DEBUG] cheese - null
[2022-10-03T14:33:00.396] [DEBUG] cheese - null
[2022-10-03T14:33:13.001] [DEBUG] cheese - login => username:admin,password:123456
[2022-10-03T14:33:13.002] [DEBUG] cheese - admin
[2022-10-03T14:33:13.007] [DEBUG] cheese - null
[2022-10-03T14:33:13.008] [DEBUG] cheese - null
[2022-10-03T16:30:52.973] [DEBUG] cheese - login => username:admin,password:123456
[2022-10-03T16:30:52.974] [DEBUG] cheese - admin
[2022-10-03T16:30:52.992] [DEBUG] cheese - null
[2022-10-03T16:30:52.993] [DEBUG] cheese - null
[2022-10-03T17:11:33.508] [DEBUG] cheese - login => username:4556465,password:4564
[2022-10-03T17:11:33.508] [DEBUG] cheese - 4556465
[2022-10-03T17:11:33.513] [DEBUG] cheese - null
[2022-10-03T17:11:33.513] [DEBUG] cheese - null
[2022-10-03T17:29:18.552] [DEBUG] cheese - login => username:54464564,password:46546
[2022-10-03T17:29:18.553] [DEBUG] cheese - 54464564
[2022-10-03T17:29:18.564] [DEBUG] cheese - null
[2022-10-03T17:29:18.564] [DEBUG] cheese - null
[2022-10-03T17:29:32.008] [DEBUG] cheese - login => username:admin,password:123456
[2022-10-03T17:29:32.008] [DEBUG] cheese - admin
[2022-10-03T17:29:32.013] [DEBUG] cheese - null
[2022-10-03T17:29:32.013] [DEBUG] cheese - null
[2022-10-03T19:41:58.466] [DEBUG] cheese - login => username:admin,password:123456
[2022-10-03T19:41:58.467] [DEBUG] cheese - admin
[2022-10-03T19:41:58.471] [DEBUG] cheese - null
[2022-10-03T19:41:58.471] [DEBUG] cheese - null
[2022-10-03T20:48:56.498] [DEBUG] cheese - login => username:sds,password:sdsfsdf
[2022-10-03T20:48:56.499] [DEBUG] cheese - sds
[2022-10-03T20:48:56.505] [DEBUG] cheese - null
[2022-10-03T20:48:56.506] [DEBUG] cheese - null
[2022-10-03T20:50:32.881] [DEBUG] cheese - login => username:sdadd,password:sdfs
[2022-10-03T20:50:32.881] [DEBUG] cheese - sdadd
[2022-10-03T20:50:32.884] [DEBUG] cheese - null
[2022-10-03T20:50:32.884] [DEBUG] cheese - null
[2022-10-03T20:50:35.730] [DEBUG] cheese - login => username:sdadd,password:sdfssd
[2022-10-03T20:50:35.730] [DEBUG] cheese - sdadd
[2022-10-03T20:50:35.735] [DEBUG] cheese - null
[2022-10-03T20:50:35.735] [DEBUG] cheese - null
[2022-10-04T21:23:49.283] [DEBUG] cheese - login => username:admin,password:123456
[2022-10-04T21:23:49.285] [DEBUG] cheese - admin
[2022-10-04T21:23:49.305] [DEBUG] cheese - null
[2022-10-04T21:23:49.306] [DEBUG] cheese - null
[2022-10-06T20:15:17.110] [DEBUG] cheese - login => username:admin,password:123456
[2022-10-06T20:15:17.112] [DEBUG] cheese - admin
[2022-10-06T20:15:17.132] [DEBUG] cheese - null
[2022-10-06T20:15:17.133] [DEBUG] cheese - null
[2022-10-07T11:41:37.066] [DEBUG] cheese - login => username:admin,password:123456
[2022-10-07T11:41:37.069] [DEBUG] cheese - admin
[2022-10-07T11:41:37.101] [DEBUG] cheese - null
[2022-10-07T11:41:37.102] [DEBUG] cheese - null
[2022-10-07T22:34:28.881] [DEBUG] cheese - login => username:admin,password:123456
[2022-10-07T22:34:28.886] [DEBUG] cheese - admin
[2022-10-07T22:34:29.065] [DEBUG] cheese - null
[2022-10-07T22:34:29.066] [DEBUG] cheese - null
[2022-10-19T22:36:21.754] [DEBUG] cheese - login => username:amdin,password:123456
[2022-10-19T22:36:21.757] [DEBUG] cheese - amdin
[2022-10-19T22:36:21.888] [DEBUG] cheese - null
[2022-10-19T22:36:21.889] [DEBUG] cheese - null
[2022-10-19T22:36:30.164] [DEBUG] cheese - login => username:admin,password:123456
[2022-10-19T22:36:30.165] [DEBUG] cheese - admin
[2022-10-19T22:36:30.174] [DEBUG] cheese - null
[2022-10-19T22:36:30.174] [DEBUG] cheese - null
[2022-11-16T17:43:52.516] [DEBUG] cheese - login => username:admin,password:123456
[2022-11-16T17:43:52.519] [DEBUG] cheese - admin
[2022-11-16T17:43:52.539] [DEBUG] cheese - null
[2022-11-16T17:43:52.540] [DEBUG] cheese - null
[2022-11-16T17:46:48.399] [DEBUG] cheese - login => username:admin,password:123456
[2022-11-16T17:46:48.399] [DEBUG] cheese - admin
[2022-11-16T17:46:48.410] [DEBUG] cheese - null
[2022-11-16T17:46:48.410] [DEBUG] cheese - null
[2023-02-24T21:34:55.184] [DEBUG] cheese - login => username:root,password:root
[2023-02-24T21:34:55.187] [DEBUG] cheese - root
[2023-02-24T21:34:55.217] [DEBUG] cheese - null
[2023-02-24T21:34:55.219] [DEBUG] cheese - null
[2023-02-24T21:36:13.048] [DEBUG] cheese - login => username:root,password:123456
[2023-02-24T21:36:13.048] [DEBUG] cheese - root
[2023-02-24T21:36:13.053] [DEBUG] cheese - null
[2023-02-24T21:36:13.054] [DEBUG] cheese - null
[2023-02-24T21:36:21.746] [DEBUG] cheese - login => username:ck,password:123456
[2023-02-24T21:36:21.746] [DEBUG] cheese - ck
[2023-02-24T21:36:21.752] [DEBUG] cheese - null
[2023-02-24T21:36:21.752] [DEBUG] cheese - null
[2023-02-24T21:36:29.103] [DEBUG] cheese - login => username:ck,password:ck
[2023-02-24T21:36:29.103] [DEBUG] cheese - ck
[2023-02-24T21:36:29.108] [DEBUG] cheese - null
[2023-02-24T21:36:29.108] [DEBUG] cheese - null
[2023-02-24T21:36:30.358] [DEBUG] cheese - login => username:ck,password:ck
[2023-02-24T21:36:30.359] [DEBUG] cheese - ck
[2023-02-24T21:36:30.364] [DEBUG] cheese - null
[2023-02-24T21:36:30.364] [DEBUG] cheese - null
[2023-02-24T21:38:30.350] [DEBUG] cheese - login => username:zce,password:123456
[2023-02-24T21:38:30.350] [DEBUG] cheese - zce
[2023-02-24T21:38:30.354] [DEBUG] cheese - null
[2023-02-24T21:38:30.354] [DEBUG] cheese - null
[2023-02-24T21:39:15.441] [DEBUG] cheese - login => username:ww,password:123
[2023-02-24T21:39:15.441] [DEBUG] cheese - ww
[2023-02-24T21:39:15.444] [DEBUG] cheese - null
[2023-02-24T21:39:15.444] [DEBUG] cheese - null
[2023-02-24T21:39:16.262] [DEBUG] cheese - login => username:ww,password:123
[2023-02-24T21:39:16.262] [DEBUG] cheese - ww
[2023-02-24T21:39:16.266] [DEBUG] cheese - null
[2023-02-24T21:39:16.267] [DEBUG] cheese - null
[2023-02-24T21:39:16.502] [DEBUG] cheese - login => username:ww,password:123
[2023-02-24T21:39:16.503] [DEBUG] cheese - ww
[2023-02-24T21:39:16.508] [DEBUG] cheese - null
[2023-02-24T21:39:16.508] [DEBUG] cheese - null
[2023-02-24T21:39:16.740] [DEBUG] cheese - login => username:ww,password:123
[2023-02-24T21:39:16.741] [DEBUG] cheese - ww
[2023-02-24T21:39:16.745] [DEBUG] cheese - null
[2023-02-24T21:39:16.745] [DEBUG] cheese - null
[2023-02-24T21:39:23.499] [DEBUG] cheese - login => username:1,password:123
[2023-02-24T21:39:23.500] [DEBUG] cheese - 1
[2023-02-24T21:39:23.503] [DEBUG] cheese - null
[2023-02-24T21:39:23.503] [DEBUG] cheese - null
[2023-02-24T21:39:27.782] [DEBUG] cheese - login => username:11,password:123
[2023-02-24T21:39:27.782] [DEBUG] cheese - 11
[2023-02-24T21:39:27.785] [DEBUG] cheese - null
[2023-02-24T21:39:27.785] [DEBUG] cheese - null
[2023-02-24T21:40:19.558] [DEBUG] cheese - login => username:name,password:123456
[2023-02-24T21:40:19.558] [DEBUG] cheese - name
[2023-02-24T21:40:19.561] [DEBUG] cheese - null
[2023-02-24T21:40:19.561] [DEBUG] cheese - null
[2023-02-24T21:40:25.045] [DEBUG] cheese - login => username:username,password:123456
[2023-02-24T21:40:25.046] [DEBUG] cheese - username
[2023-02-24T21:40:25.050] [DEBUG] cheese - null
[2023-02-24T21:40:25.050] [DEBUG] cheese - null
[2023-02-24T21:40:34.163] [DEBUG] cheese - login => username:login,password:123456
[2023-02-24T21:40:34.163] [DEBUG] cheese - login
[2023-02-24T21:40:34.166] [DEBUG] cheese - null
[2023-02-24T21:40:34.166] [DEBUG] cheese - null
[2023-02-24T21:41:07.089] [DEBUG] cheese - login => username:admin,password:123
[2023-02-24T21:41:07.089] [DEBUG] cheese - admin
[2023-02-24T21:41:07.099] [DEBUG] cheese - null
[2023-02-24T21:41:07.099] [DEBUG] cheese - null
[2023-02-24T21:41:11.952] [DEBUG] cheese - login => username:admin,password:admin
[2023-02-24T21:41:11.953] [DEBUG] cheese - admin
[2023-02-24T21:41:11.958] [DEBUG] cheese - null
[2023-02-24T21:41:11.958] [DEBUG] cheese - null
[2023-02-24T21:41:18.934] [DEBUG] cheese - login => username:admin,password:123456
[2023-02-24T21:41:18.934] [DEBUG] cheese - admin
[2023-02-24T21:41:18.938] [DEBUG] cheese - null
[2023-02-24T21:41:18.938] [DEBUG] cheese - null
[2023-02-28T14:10:32.891] [DEBUG] cheese - login => username:admin,password:123456
[2023-02-28T14:10:32.898] [DEBUG] cheese - admin
[2023-02-28T14:10:33.045] [DEBUG] cheese - null
[2023-02-28T14:10:33.046] [DEBUG] cheese - null
[2023-02-28T14:11:44.778] [DEBUG] cheese - login => username:aaa,password:123456
[2023-02-28T14:11:44.778] [DEBUG] cheese - aaa
[2023-02-28T14:11:44.784] [DEBUG] cheese - null
[2023-02-28T14:11:44.785] [DEBUG] cheese - null
[2023-02-28T14:11:51.623] [DEBUG] cheese - login => username:admin,password:123456
[2023-02-28T14:11:51.624] [DEBUG] cheese - admin
[2023-02-28T14:11:51.631] [DEBUG] cheese - null
[2023-02-28T14:11:51.631] [DEBUG] cheese - null
[2023-02-28T17:54:23.360] [DEBUG] cheese - login => username:admin,password:123456
[2023-02-28T17:54:23.363] [DEBUG] cheese - admin
[2023-02-28T17:54:23.580] [DEBUG] cheese - null
[2023-02-28T17:54:23.581] [DEBUG] cheese - null
[2023-02-28T17:54:25.150] [DEBUG] cheese - login => username:admin,password:123456
[2023-02-28T17:54:25.150] [DEBUG] cheese - admin
[2023-02-28T17:54:25.156] [DEBUG] cheese - null
[2023-02-28T17:54:25.156] [DEBUG] cheese - null
[2023-02-28T17:54:25.927] [DEBUG] cheese - login => username:admin,password:123456
[2023-02-28T17:54:25.927] [DEBUG] cheese - admin
[2023-02-28T17:54:25.931] [DEBUG] cheese - null
[2023-02-28T17:54:25.931] [DEBUG] cheese - null
[2023-02-28T17:54:26.628] [DEBUG] cheese - login => username:admin,password:123456
[2023-02-28T17:54:26.628] [DEBUG] cheese - admin
[2023-02-28T17:54:26.632] [DEBUG] cheese - null
[2023-02-28T17:54:26.632] [DEBUG] cheese - null
[2023-02-28T17:54:53.879] [DEBUG] cheese - login => username:admin,password:123456
[2023-02-28T17:54:53.879] [DEBUG] cheese - admin
[2023-02-28T17:54:53.884] [DEBUG] cheese - null
[2023-02-28T17:54:53.884] [DEBUG] cheese - null
[2023-02-28T17:56:06.357] [DEBUG] cheese - login => username:admin,password:123456
[2023-02-28T17:56:06.357] [DEBUG] cheese - admin
[2023-02-28T17:56:06.364] [DEBUG] cheese - null
[2023-02-28T17:56:06.364] [DEBUG] cheese - null
[2023-02-28T20:28:20.777] [DEBUG] cheese - login => username:admin,password:123456
[2023-02-28T20:28:20.779] [DEBUG] cheese - admin
[2023-02-28T20:28:20.982] [DEBUG] cheese - null
[2023-02-28T20:28:20.983] [DEBUG] cheese - null
[2023-03-01T11:44:24.065] [DEBUG] cheese - login => username:admin,password:123456
[2023-03-01T11:44:24.067] [DEBUG] cheese - admin
[2023-03-01T11:44:24.264] [DEBUG] cheese - null
[2023-03-01T11:44:24.264] [DEBUG] cheese - null
[2023-03-01T15:45:37.469] [DEBUG] cheese - login => username:admin,password:123456
[2023-03-01T15:45:37.471] [DEBUG] cheese - admin
[2023-03-01T15:45:37.638] [DEBUG] cheese - null
[2023-03-01T15:45:37.639] [DEBUG] cheese - null
[2023-03-01T16:27:49.605] [DEBUG] cheese - login => username:admin,password:123456
[2023-03-01T16:27:49.607] [DEBUG] cheese - admin
[2023-03-01T16:27:49.613] [DEBUG] cheese - null
[2023-03-01T16:27:49.614] [DEBUG] cheese - null
[2023-03-01T16:28:47.663] [DEBUG] cheese - login => username:admin,password:123456
[2023-03-01T16:28:47.663] [DEBUG] cheese - admin
[2023-03-01T16:28:47.668] [DEBUG] cheese - null
[2023-03-01T16:28:47.668] [DEBUG] cheese - null
[2023-03-01T17:48:16.407] [DEBUG] cheese - login => username:ck,password:123456
[2023-03-01T17:48:16.411] [DEBUG] cheese - ck
[2023-03-01T17:48:16.425] [DEBUG] cheese - null
[2023-03-01T17:48:16.426] [DEBUG] cheese - null
[2023-03-01T17:48:17.876] [DEBUG] cheese - login => username:ck,password:123456
[2023-03-01T17:48:17.876] [DEBUG] cheese - ck
[2023-03-01T17:48:17.879] [DEBUG] cheese - null
[2023-03-01T17:48:17.879] [DEBUG] cheese - null
[2023-03-01T17:48:18.507] [DEBUG] cheese - login => username:ck,password:123456
[2023-03-01T17:48:18.507] [DEBUG] cheese - ck
[2023-03-01T17:48:18.512] [DEBUG] cheese - null
[2023-03-01T17:48:18.512] [DEBUG] cheese - null
[2023-03-01T17:48:18.915] [DEBUG] cheese - login => username:ck,password:123456
[2023-03-01T17:48:18.916] [DEBUG] cheese - ck
[2023-03-01T17:48:18.919] [DEBUG] cheese - null
[2023-03-01T17:48:18.919] [DEBUG] cheese - null
[2023-03-01T17:48:19.409] [DEBUG] cheese - login => username:ck,password:123456
[2023-03-01T17:48:19.409] [DEBUG] cheese - ck
[2023-03-01T17:48:19.416] [DEBUG] cheese - null
[2023-03-01T17:48:19.417] [DEBUG] cheese - null
[2023-03-01T17:48:19.897] [DEBUG] cheese - login => username:ck,password:123456
[2023-03-01T17:48:19.897] [DEBUG] cheese - ck
[2023-03-01T17:48:19.900] [DEBUG] cheese - null
[2023-03-01T17:48:19.900] [DEBUG] cheese - null
[2023-03-01T17:48:26.649] [DEBUG] cheese - login => username:jb,password:123456
[2023-03-01T17:48:26.649] [DEBUG] cheese - jb
[2023-03-01T17:48:26.652] [DEBUG] cheese - null
[2023-03-01T17:48:26.652] [DEBUG] cheese - null
[2023-03-01T17:48:33.972] [DEBUG] cheese - login => username:ck,password:123456
[2023-03-01T17:48:33.973] [DEBUG] cheese - ck
[2023-03-01T17:48:33.984] [DEBUG] cheese - null
[2023-03-01T17:48:33.984] [DEBUG] cheese - null
[2023-03-01T17:48:38.669] [DEBUG] cheese - login => username:admin,password:123456
[2023-03-01T17:48:38.669] [DEBUG] cheese - admin
[2023-03-01T17:48:38.672] [DEBUG] cheese - null
[2023-03-01T17:48:38.672] [DEBUG] cheese - null
